=== env_macro-0.1.0 ===

>>> curl -sSLf https://scarbs.xyz/api/v1/dl/env_macro/0.1.0 -o archive-607884398093832192.tar.zstd

>>> tar --zstd -xf archive-607884398093832192.tar.zstd --strip-components 1

>>> maat-check-versions
[out] Name             Version         Source                        Installed
[out] nodejs           24.5.0          ASDF_NODEJS_VERSION           true
[out] scarb            2.11.4          ASDF_SCARB_VERSION            true
[out] starknet-foundry 0.47.0          ASDF_STARKNET-FOUNDRY_VERSION true

>>> maat-patch
[err] Installed 1 package in 2ms
[out] diff --git a/Scarb.toml b/Scarb.toml
[out] index 298aafd..7399448 100644
[out] --- a/Scarb.toml
[out] +++ b/Scarb.toml
[out] @@ -19,9 +19,26 @@ homepage = "https://github.com/m-kus/cairo-env-macro"
[out]  license = "MIT"
[out]  readme = "README.md"
[out]  repository = "https://github.com/m-kus/cairo-env-macro"
[out] +cairo-version = "2.11.4" # NOTE: added by maat-patch, was: None
[out]  
[out]  [dependencies]
[out]  
[out]  [cairo-plugin]
[out]  name = "env_macro"
[out]  
[out] +[scripts]
[out] +test = "cargo test" # NOTE: added by maat-patch, was: None
[out] +
[out] +[tool.scarb]
[out] +allow-prebuilt-plugins = ["snforge_std"] # NOTE: maat-patch added 'snforge_std'
[out] +
[out] +[patch.scarbs-xyz]
[out] +assert_macros = "2.11.4" # NOTE: added by maat-patch, was: None
[out] +starknet = "2.11.4" # NOTE: added by maat-patch, was: None
[out] +cairo_test = "2.11.4" # NOTE: added by maat-patch, was: None
[out] +snforge_std = "0.47.0" # NOTE: added by maat-patch, was: None
[out] +snforge_scarb_plugin = "0.47.0" # NOTE: added by maat-patch, was: None
[out] +
[out] +[patch."https://github.com/foundry-rs/starknet-foundry.git"]
[out] +snforge_std = "0.47.0" # NOTE: added by maat-patch, was: None
[out] +snforge_scarb_plugin = "0.47.0" # NOTE: added by maat-patch, was: None

>>> scarb fetch
[out]     Updating crates.io index
[out]      Locking 85 packages to latest compatible versions
[out]       Adding cairo-lang-macro v0.1.1 (available: v0.2.0)
[out]  Downloading crates ...
[out]   Downloaded autocfg v1.5.0
[out]   Downloaded quote v1.0.40
[out]   Downloaded num-traits v0.2.19
[out]   Downloaded proc-macro2 v1.0.95
[out]   Downloaded pin-project-lite v0.2.16
[out]   Downloaded rustc-hash v1.1.0
[out]   Downloaded once_cell v1.21.3
[out]   Downloaded scopeguard v1.2.0
[out]   Downloaded linkme v0.3.33
[out]   Downloaded scarb-stable-hash v1.0.0
[out]   Downloaded data-encoding v2.9.0
[out]   Downloaded memchr v2.7.5
[out]   Downloaded genco v0.17.10
[out]   Downloaded toml v0.8.23
[out]   Downloaded redox_syscall v0.5.17
[out]   Downloaded parking_lot v0.12.4
[out]   Downloaded itertools v0.14.0
[out]   Downloaded xxhash-rust v0.8.15
[out]   Downloaded xshell v0.2.7
[out]   Downloaded cairo-lang-debug v2.12.0
[out]   Downloaded path-clean v1.0.1
[out]   Downloaded semver v1.0.26
[out]   Downloaded toml_write v0.1.2
[out]   Downloaded windows_aarch64_gnullvm v0.52.6
[out]   Downloaded toml_edit v0.22.27
[out]   Downloaded windows_x86_64_gnullvm v0.52.6
[out]   Downloaded cairo-lang-parser v2.12.0
[out]   Downloaded cfg-if v1.0.1
[out]   Downloaded cairo-lang-macro-attributes v0.1.0
[out]   Downloaded windows_i686_gnullvm v0.52.6
[out]   Downloaded winnow v0.7.12
[out]   Downloaded cairo-lang-macro-stable v1.0.0
[out]   Downloaded linkme-impl v0.3.33
[out]   Downloaded cairo-lang-macro v0.1.1
[out]   Downloaded cairo-lang-diagnostics v2.12.0
[out]   Downloaded genco-macros v0.17.10
[out]   Downloaded cairo-lang-syntax-codegen v2.12.0
[out]   Downloaded colored v3.0.0
[out]   Downloaded cairo-lang-primitive-token v1.0.0
[out]   Downloaded oorandom v11.1.5
[out]   Downloaded windows_aarch64_msvc v0.52.6
[out]   Downloaded lock_api v0.4.13
[out]   Downloaded parking_lot_core v0.9.11
[out]   Downloaded rust-analyzer-salsa-macros v0.17.0-pre.6
[out]   Downloaded libc v0.2.174
[out]   Downloaded windows_i686_gnu v0.52.6
[out]   Downloaded tracing v0.1.41
[out]   Downloaded thiserror v2.0.12
[out]   Downloaded windows_x86_64_msvc v0.52.6
[out]   Downloaded windows_x86_64_gnu v0.52.6
[out]   Downloaded relative-path v1.9.3
[out]   Downloaded xshell-macros v0.2.7
[out]   Downloaded serde_spanned v0.6.9
[out]   Downloaded toml_datetime v0.6.11
[out]   Downloaded cairo-lang-filesystem v2.12.0
[out]   Downloaded windows-targets v0.52.6
[out]   Downloaded smallvec v1.15.1
[out]   Downloaded cairo-lang-syntax v2.12.0
[out]   Downloaded foldhash v0.1.5
[out]   Downloaded hashbrown v0.15.4
[out]   Downloaded indexmap v2.10.0
[out]   Downloaded borsh v1.5.7
[out]   Downloaded bitflags v2.9.1
[out]   Downloaded windows_i686_msvc v0.52.6
[out]   Downloaded heck v0.4.1
[out]   Downloaded tracing-attributes v0.1.30
[out]   Downloaded tracing-core v0.1.34
[out]   Downloaded stable_deref_trait v1.2.0
[out]   Downloaded triomphe v0.1.14
[out]   Downloaded either v1.15.0
[out]   Downloaded smol_str v0.3.2
[out]   Downloaded rust-analyzer-salsa v0.17.0-pre.6
[out]   Downloaded unescaper v0.1.6
[out]   Downloaded equivalent v1.0.2
[out]   Downloaded cairo-lang-utils v2.12.0
[out]   Downloaded thiserror-impl v2.0.12
[out]   Downloaded allocator-api2 v0.2.21
[out]   Downloaded cfg_aliases v0.2.1
[out]   Downloaded num-integer v0.1.46
[out]   Downloaded syn v2.0.104
[out]   Downloaded serde_derive v1.0.219
[out]   Downloaded serde v1.0.219
[out]   Downloaded num-bigint v0.4.6
[out]   Downloaded unicode-ident v1.0.18
[out]   Downloaded windows-sys v0.59.0

>>> scarb tree -q --workspace
[out] error: no such command: `tree`
[out] 
[out] Stack backtrace:
[out]    0: anyhow::kind::Adhoc::new
[out]    1: anyhow::__private::format_err.100642
[out]    2: scarb::commands::run
[out]    3: scarb::main
[out]    4: std::sys::backtrace::__rust_begin_short_backtrace
[out]    5: main
[out]    6: __libc_start_call_main
[out]    7: __libc_start_main_impl
[out]    8: _start
Process finished with exit code 1

>>> scarb build --workspace --test
[out]     Updating crates.io index
[out]  Downloading crates ...
[out]   Downloaded autocfg v1.5.0
[out]   Downloaded serde_derive v1.0.219
[out]   Downloaded quote v1.0.40
[out]   Downloaded num-traits v0.2.19
[out]   Downloaded proc-macro2 v1.0.95
[out]   Downloaded xxhash-rust v0.8.15
[out]   Downloaded xshell v0.2.7
[out]   Downloaded scarb-stable-hash v1.0.0
[out]   Downloaded data-encoding v2.9.0
[out]   Downloaded smallvec v1.15.1
[out]   Downloaded cairo-lang-diagnostics v2.12.0
[out]   Downloaded cairo-lang-macro v0.1.1
[out]   Downloaded relative-path v1.9.3
[out]   Downloaded cairo-lang-macro-attributes v0.1.0
[out]   Downloaded linkme-impl v0.3.33
[out]   Downloaded genco-macros v0.17.10
[out]   Downloaded tracing-core v0.1.34
[out]   Downloaded triomphe v0.1.14
[out]   Downloaded cairo-lang-filesystem v2.12.0
[out]   Downloaded windows_x86_64_gnullvm v0.52.6
[out]   Downloaded windows_aarch64_msvc v0.52.6
[out]   Downloaded winnow v0.7.12
[out]   Downloaded rust-analyzer-salsa v0.17.0-pre.6
[out]   Downloaded borsh v1.5.7
[out]   Downloaded cairo-lang-parser v2.12.0
[out]   Downloaded windows_i686_gnullvm v0.52.6
[out]   Downloaded memchr v2.7.5
[out]   Downloaded oorandom v11.1.5
[out]   Downloaded redox_syscall v0.5.17
[out]   Downloaded genco v0.17.10
[out]   Downloaded windows_i686_msvc v0.52.6
[out]   Downloaded toml_datetime v0.6.11
[out]   Downloaded windows_x86_64_gnu v0.52.6
[out]   Downloaded toml_edit v0.22.27
[out]   Downloaded tracing v0.1.41
[out]   Downloaded cairo-lang-syntax v2.12.0
[out]   Downloaded hashbrown v0.15.4
[out]   Downloaded indexmap v2.10.0
[out]   Downloaded itertools v0.14.0
[out]   Downloaded windows_x86_64_msvc v0.52.6
[out]   Downloaded rustc-hash v1.1.0
[out]   Downloaded stable_deref_trait v1.2.0
[out]   Downloaded xshell-macros v0.2.7
[out]   Downloaded cairo-lang-syntax-codegen v2.12.0
[out]   Downloaded semver v1.0.26
[out]   Downloaded scopeguard v1.2.0
[out]   Downloaded parking_lot v0.12.4
[out]   Downloaded heck v0.4.1
[out]   Downloaded thiserror v2.0.12
[out]   Downloaded allocator-api2 v0.2.21
[out]   Downloaded colored v3.0.0
[out]   Downloaded cairo-lang-debug v2.12.0
[out]   Downloaded serde_spanned v0.6.9
[out]   Downloaded windows_aarch64_gnullvm v0.52.6
[out]   Downloaded toml_write v0.1.2
[out]   Downloaded toml v0.8.23
[out]   Downloaded cairo-lang-primitive-token v1.0.0
[out]   Downloaded lock_api v0.4.13
[out]   Downloaded windows-targets v0.52.6
[out]   Downloaded once_cell v1.21.3
[out]   Downloaded unescaper v0.1.6
[out]   Downloaded cairo-lang-utils v2.12.0
[out]   Downloaded pin-project-lite v0.2.16
[out]   Downloaded tracing-attributes v0.1.30
[out]   Downloaded cfg_aliases v0.2.1
[out]   Downloaded num-integer v0.1.46
[out]   Downloaded bitflags v2.9.1
[out]   Downloaded parking_lot_core v0.9.11
[out]   Downloaded rust-analyzer-salsa-macros v0.17.0-pre.6
[out]   Downloaded equivalent v1.0.2
[out]   Downloaded libc v0.2.174
[out]   Downloaded either v1.15.0
[out]   Downloaded smol_str v0.3.2
[out]   Downloaded syn v2.0.104
[out]   Downloaded cairo-lang-macro-stable v1.0.0
[out]   Downloaded windows_i686_gnu v0.52.6
[out]   Downloaded linkme v0.3.33
[out]   Downloaded path-clean v1.0.1
[out]   Downloaded cfg-if v1.0.1
[out]   Downloaded thiserror-impl v2.0.12
[out]   Downloaded foldhash v0.1.5
[out]   Downloaded num-bigint v0.4.6
[out]   Downloaded unicode-ident v1.0.18
[out]   Downloaded serde v1.0.219
[out]   Downloaded windows-sys v0.59.0
[out]    Compiling env_macro v0.1.0 (/mnt/maat-workbench/Scarb.toml)
[out]    Compiling proc-macro2 v1.0.95
[out]    Compiling unicode-ident v1.0.18
[out]    Compiling serde v1.0.219
[out]    Compiling autocfg v1.5.0
[out]    Compiling equivalent v1.0.2
[out]    Compiling allocator-api2 v0.2.21
[out]    Compiling foldhash v0.1.5
[out]    Compiling num-traits v0.2.19
[out]    Compiling libc v0.2.174
[out]    Compiling smallvec v1.15.1
[out]    Compiling lock_api v0.4.13
[out]    Compiling quote v1.0.40
[out]    Compiling syn v2.0.104
[out]    Compiling parking_lot_core v0.9.11
[out]    Compiling cfg-if v1.0.1
[out]    Compiling either v1.15.0
[out]    Compiling num-integer v0.1.46
[out]    Compiling scopeguard v1.2.0
[out]    Compiling once_cell v1.21.3
[out]    Compiling tracing-core v0.1.34
[out]    Compiling itertools v0.14.0
[out]    Compiling semver v1.0.26
[out]    Compiling pin-project-lite v0.2.16
[out]    Compiling winnow v0.7.12
[out]    Compiling toml_write v0.1.2
[out]    Compiling heck v0.4.1
[out]    Compiling stable_deref_trait v1.2.0
[out]    Compiling parking_lot v0.12.4
[out]    Compiling oorandom v11.1.5
[out]    Compiling thiserror v2.0.12
[out]    Compiling genco-macros v0.17.10
[out]    Compiling rustc-hash v1.1.0
[out]    Compiling linkme-impl v0.3.33
[out]    Compiling path-clean v1.0.1
[out]    Compiling relative-path v1.9.3
[out]    Compiling xshell-macros v0.2.7
[out]    Compiling data-encoding v2.9.0
[out]    Compiling xxhash-rust v0.8.15
[out]    Compiling scarb-stable-hash v1.0.0
[out]    Compiling xshell v0.2.7
[out]    Compiling cairo-lang-primitive-token v1.0.0
[out]    Compiling colored v3.0.0
[out]    Compiling cairo-lang-macro-stable v1.0.0
[out]    Compiling serde_derive v1.0.219
[out]    Compiling tracing-attributes v0.1.30
[out]    Compiling rust-analyzer-salsa-macros v0.17.0-pre.6
[out]    Compiling thiserror-impl v2.0.12
[out]    Compiling tracing v0.1.41
[out]    Compiling unescaper v0.1.6
[out]    Compiling cairo-lang-macro-attributes v0.1.0
[out]    Compiling genco v0.17.10
[out]    Compiling linkme v0.3.33
[out]    Compiling cairo-lang-macro v0.1.1
[out]    Compiling cairo-lang-syntax-codegen v2.12.0
[out]    Compiling hashbrown v0.15.4
[out]    Compiling serde_spanned v0.6.9
[out]    Compiling num-bigint v0.4.6
[out]    Compiling indexmap v2.10.0
[out]    Compiling toml_datetime v0.6.11
[out]    Compiling smol_str v0.3.2
[out]    Compiling triomphe v0.1.14
[out]    Compiling toml_edit v0.22.27
[out]    Compiling rust-analyzer-salsa v0.17.0-pre.6
[out]    Compiling cairo-lang-utils v2.12.0
[out]    Compiling cairo-lang-debug v2.12.0
[out]    Compiling toml v0.8.23
[out]    Compiling cairo-lang-filesystem v2.12.0
[out]    Compiling cairo-lang-syntax v2.12.0
[out]    Compiling cairo-lang-diagnostics v2.12.0
[out]    Compiling cairo-lang-parser v2.12.0
[out]    Compiling env_macro v0.1.0 (/mnt/maat-workbench)
[out] error[E0308]: mismatched types
[out]   --> src/lib.rs:42:29
[out]    |
[out] 42 |     let macro_args = if let WrappedArgList::ParenthesizedArgList(args) = mac.arguments(db.upcast())
[out]    |                             ^^^^^^^^^^^^^^^^^^^^^^^^^^^^^^^^^^^^^^^^^^   -------------------------- this expression has type `cairo_lang_syntax::node::ast::TokenTreeNode`
[out]    |                             |
[out]    |                             expected `TokenTreeNode`, found `WrappedArgList`
[out] error[E0308]: `if` and `else` have incompatible types
[out]   --> src/lib.rs:46:9
[out]    |
[out] 42 |       let macro_args = if let WrappedArgList::ParenthesizedArgList(args) = mac.arguments(db.upcast())
[out]    |  ______________________-
[out] 43 | |     {
[out] 44 | |         args.arguments(db.upcast()).elements(db.upcast())
[out]    | |         ------------------------------------------------- expected because of this
[out] 45 | |     } else {
[out] 46 | |         vec![]
[out]    | |         ^^^^^^ expected opaque type, found `Vec<_>`
[out] 47 | |     };
[out]    | |_____- `if` and `else` have incompatible types
[out]    |
[out]   ::: /opt/cargo/registry/src/index.crates.io-1949cf8c6b5b557f/cairo-lang-syntax-2.12.0/src/node/element_list.rs:41:10
[out]    |
[out] 41 |       ) -> impl ExactSizeIterator<Item = T> + DoubleEndedIterator + 'a {
[out]    |            ----------------------------------------------------------- the expected opaque type
[out]    |
[out]    = note: expected opaque type `impl ExactSizeIterator + Iterator<Item = cairo_lang_syntax::node::ast::Arg> + DoubleEndedIterator + '_`
[out]                    found struct `Vec<_>`
[out]    = note: this error originates in the macro `vec` (in Nightly builds, run with -Z macro-backtrace for more info)
[out] error[E0063]: missing field `original_item_removed` in initializer of `VirtualFile`
[out]   --> src/lib.rs:87:36
[out]    |
[out] 87 |     let file = FileLongId::Virtual(VirtualFile {
[out]    |                                    ^^^^^^^^^^^ missing `original_item_removed`
[out] Some errors have detailed explanations: E0063, E0308.
[out] For more information about an error, try `rustc --explain E0063`.
[out] error: could not compile `env_macro` (lib) due to 3 previous errors
[out] error: process did not exit successfully: exit status: 101
[out] 
[out] Stack backtrace:
[out]    0: anyhow::kind::Adhoc::new
[out]    1: anyhow::__private::format_err.100642
[out]    2: scarb::compiler::plugin::proc_macro::compilation::run_cargo
[out]    3: std::sys::backtrace::__rust_begin_short_backtrace
[out]    4: core::ops::function::FnOnce::call_once{{vtable.shim}}
[out]    5: std::sys::pal::unix::thread::Thread::new::thread_start
[out]    6: start_thread
[out]    7: __GI___clone
[out] error: could not compile `env_macro` due to previous error
[out] 
[out] Stack backtrace:
[out]    0: anyhow::kind::Adhoc::new
[out]    1: anyhow::__private::format_err.100642
[out]    2: std::sys::backtrace::__rust_begin_short_backtrace
[out]    3: core::ops::function::FnOnce::call_once{{vtable.shim}}
[out]    4: std::sys::pal::unix::thread::Thread::new::thread_start
[out]    5: start_thread
[out]    6: __GI___clone
Process finished with exit code 1

>>> scarb lint --workspace --deny-warnings
[err] error: unexpected argument '--deny-warnings' found
[err] 
[err]   tip: a similar argument exists: '--no-warnings'
[err] 
[err] Usage: scarb lint --workspace --no-warnings
[err] 
[err] For more information, try '--help'.
Process finished with exit code 2

>>> SNFORGE_FUZZER_SEED=1 SNFORGE_IGNORE_FORK_TESTS=1 scarb test --workspace
[out]      Running test env_macro (cargo test)
[err]     Updating crates.io index
[err]  Downloading crates ...
[err]   Downloaded cairo-lang-macro-stable v1.0.0
[err]   Downloaded cairo-lang-diagnostics v2.12.0
[err]   Downloaded cairo-lang-macro v0.1.1
[err]   Downloaded cairo-lang-macro-attributes v0.1.0
[err]   Downloaded cairo-lang-debug v2.12.0
[err]   Downloaded cairo-lang-filesystem v2.12.0
[err]   Downloaded num-bigint v0.4.6
[err]   Downloaded borsh v1.5.7
[err]   Downloaded parking_lot v0.12.4
[err]   Downloaded semver v1.0.26
[err]   Downloaded smallvec v1.15.1
[err]   Downloaded scarb-stable-hash v1.0.0
[err]   Downloaded rustc-hash v1.1.0
[err]   Downloaded xxhash-rust v0.8.15
[err]   Downloaded xshell v0.2.7
[err]   Downloaded unicode-ident v1.0.18
[err]   Downloaded tracing-core v0.1.34
[err]   Downloaded tracing v0.1.41
[err]   Downloaded hashbrown v0.15.4
[err]   Downloaded cairo-lang-parser v2.12.0
[err]   Downloaded winnow v0.7.12
[err]   Downloaded itertools v0.14.0
[err]   Downloaded cairo-lang-syntax v2.12.0
[err]   Downloaded toml_edit v0.22.27
[err]   Downloaded tracing-attributes v0.1.30
[err]   Downloaded serde v1.0.219
[err]   Downloaded indexmap v2.10.0
[err]   Downloaded toml v0.8.23
[err]   Downloaded thiserror-impl v2.0.12
[err]   Downloaded stable_deref_trait v1.2.0
[err]   Downloaded syn v2.0.104
[err]   Downloaded serde_derive v1.0.219
[err]   Downloaded quote v1.0.40
[err]   Downloaded proc-macro2 v1.0.95
[err]   Downloaded rust-analyzer-salsa v0.17.0-pre.6
[err]   Downloaded num-traits v0.2.19
[err]   Downloaded triomphe v0.1.14
[err]   Downloaded toml_write v0.1.2
[err]   Downloaded toml_datetime v0.6.11
[err]   Downloaded thiserror v2.0.12
[err]   Downloaded smol_str v0.3.2
[err]   Downloaded serde_spanned v0.6.9
[err]   Downloaded scopeguard v1.2.0
[err]   Downloaded once_cell v1.21.3
[err]   Downloaded num-integer v0.1.46
[err]   Downloaded memchr v2.7.5
[err]   Downloaded cfg-if v1.0.1
[err]   Downloaded cairo-lang-primitive-token v1.0.0
[err]   Downloaded xshell-macros v0.2.7
[err]   Downloaded unescaper v0.1.6
[err]   Downloaded rust-analyzer-salsa-macros v0.17.0-pre.6
[err]   Downloaded relative-path v1.9.3
[err]   Downloaded libc v0.2.174
[err]   Downloaded linkme v0.3.33
[err]   Downloaded genco v0.17.10
[err]   Downloaded data-encoding v2.9.0
[err]   Downloaded cfg_aliases v0.2.1
[err]   Downloaded parking_lot_core v0.9.11
[err]   Downloaded genco-macros v0.17.10
[err]   Downloaded foldhash v0.1.5
[err]   Downloaded equivalent v1.0.2
[err]   Downloaded either v1.15.0
[err]   Downloaded pin-project-lite v0.2.16
[err]   Downloaded path-clean v1.0.1
[err]   Downloaded oorandom v11.1.5
[err]   Downloaded lock_api v0.4.13
[err]   Downloaded linkme-impl v0.3.33
[err]   Downloaded heck v0.4.1
[err]   Downloaded cairo-lang-utils v2.12.0
[err]   Downloaded colored v3.0.0
[err]   Downloaded cairo-lang-syntax-codegen v2.12.0
[err]   Downloaded autocfg v1.5.0
[err]   Downloaded allocator-api2 v0.2.21
[err]    Compiling proc-macro2 v1.0.95
[err]    Compiling unicode-ident v1.0.18
[err]    Compiling serde v1.0.219
[err]    Compiling autocfg v1.5.0
[err]    Compiling foldhash v0.1.5
[err]    Compiling allocator-api2 v0.2.21
[err]    Compiling equivalent v1.0.2
[err]    Compiling smallvec v1.15.1
[err]    Compiling num-traits v0.2.19
[err]    Compiling libc v0.2.174
[err]    Compiling lock_api v0.4.13
[err]    Compiling parking_lot_core v0.9.11
[err]    Compiling quote v1.0.40
[err]    Compiling syn v2.0.104
[err]    Compiling cfg-if v1.0.1
[err]    Compiling either v1.15.0
[err]    Compiling once_cell v1.21.3
[err]    Compiling num-integer v0.1.46
[err]    Compiling scopeguard v1.2.0
[err]    Compiling tracing-core v0.1.34
[err]    Compiling itertools v0.14.0
[err]    Compiling pin-project-lite v0.2.16
[err]    Compiling winnow v0.7.12
[err]    Compiling stable_deref_trait v1.2.0
[err]    Compiling semver v1.0.26
[err]    Compiling toml_write v0.1.2
[err]    Compiling heck v0.4.1
[err]    Compiling parking_lot v0.12.4
[err]    Compiling rustc-hash v1.1.0
[err]    Compiling oorandom v11.1.5
[err]    Compiling thiserror v2.0.12
[err]    Compiling genco-macros v0.17.10
[err]    Compiling path-clean v1.0.1
[err]    Compiling linkme-impl v0.3.33
[err]    Compiling xxhash-rust v0.8.15
[err]    Compiling data-encoding v2.9.0
[err]    Compiling xshell-macros v0.2.7
[err]    Compiling relative-path v1.9.3
[err]    Compiling scarb-stable-hash v1.0.0
[err]    Compiling cairo-lang-primitive-token v1.0.0
[err]    Compiling xshell v0.2.7
[err]    Compiling cairo-lang-macro-stable v1.0.0
[err]    Compiling colored v3.0.0
[err]    Compiling serde_derive v1.0.219
[err]    Compiling tracing-attributes v0.1.30
[err]    Compiling rust-analyzer-salsa-macros v0.17.0-pre.6
[err]    Compiling thiserror-impl v2.0.12
[err]    Compiling unescaper v0.1.6
[err]    Compiling tracing v0.1.41
[err]    Compiling cairo-lang-macro-attributes v0.1.0
[err]    Compiling genco v0.17.10
[err]    Compiling linkme v0.3.33
[err]    Compiling cairo-lang-macro v0.1.1
[err]    Compiling cairo-lang-syntax-codegen v2.12.0
[err]    Compiling hashbrown v0.15.4
[err]    Compiling num-bigint v0.4.6
[err]    Compiling toml_datetime v0.6.11
[err]    Compiling smol_str v0.3.2
[err]    Compiling serde_spanned v0.6.9
[err]    Compiling triomphe v0.1.14
[err]    Compiling indexmap v2.10.0
[err]    Compiling toml_edit v0.22.27
[err]    Compiling cairo-lang-utils v2.12.0
[err]    Compiling rust-analyzer-salsa v0.17.0-pre.6
[err]    Compiling cairo-lang-debug v2.12.0
[err]    Compiling toml v0.8.23
[err]    Compiling cairo-lang-filesystem v2.12.0
[err]    Compiling cairo-lang-syntax v2.12.0
[err]    Compiling cairo-lang-diagnostics v2.12.0
[err]    Compiling cairo-lang-parser v2.12.0
[err]    Compiling env_macro v0.1.0 (/mnt/maat-workbench)
[err] error[E0308]: mismatched types
[err]   --> src/lib.rs:42:29
[err]    |
[err] 42 |     let macro_args = if let WrappedArgList::ParenthesizedArgList(args) = mac.arguments(db.upcast())
[err]    |                             ^^^^^^^^^^^^^^^^^^^^^^^^^^^^^^^^^^^^^^^^^^   -------------------------- this expression has type `cairo_lang_syntax::node::ast::TokenTreeNode`
[err]    |                             |
[err]    |                             expected `TokenTreeNode`, found `WrappedArgList`
[err] 
[err] error[E0308]: `if` and `else` have incompatible types
[err]   --> src/lib.rs:46:9
[err]    |
[err] 42 |       let macro_args = if let WrappedArgList::ParenthesizedArgList(args) = mac.arguments(db.upcast())
[err]    |  ______________________-
[err] 43 | |     {
[err] 44 | |         args.arguments(db.upcast()).elements(db.upcast())
[err]    | |         ------------------------------------------------- expected because of this
[err] 45 | |     } else {
[err] 46 | |         vec![]
[err]    | |         ^^^^^^ expected opaque type, found `Vec<_>`
[err] 47 | |     };
[err]    | |_____- `if` and `else` have incompatible types
[err]    |
[err]   ::: /opt/cargo/registry/src/index.crates.io-1949cf8c6b5b557f/cairo-lang-syntax-2.12.0/src/node/element_list.rs:41:10
[err]    |
[err] 41 |       ) -> impl ExactSizeIterator<Item = T> + DoubleEndedIterator + 'a {
[err]    |            ----------------------------------------------------------- the expected opaque type
[err]    |
[err]    = note: expected opaque type `impl ExactSizeIterator + Iterator<Item = cairo_lang_syntax::node::ast::Arg> + DoubleEndedIterator + '_`
[err]                    found struct `Vec<_>`
[err]    = note: this error originates in the macro `vec` (in Nightly builds, run with -Z macro-backtrace for more info)
[err] 
[err] error[E0063]: missing field `original_item_removed` in initializer of `VirtualFile`
[err]   --> src/lib.rs:87:36
[err]    |
[err] 87 |     let file = FileLongId::Virtual(VirtualFile {
[err]    |                                    ^^^^^^^^^^^ missing `original_item_removed`
[err] 
[err] Some errors have detailed explanations: E0063, E0308.
[err] For more information about an error, try `rustc --explain E0063`.
[err] error: could not compile `env_macro` (lib test) due to 3 previous errors
Process finished with exit code 101

>>> maat-test-ls
[err]    0.006913589s  WARN cairo_language_server::config: client does not support `workspace/configuration` requests, config will not be reloaded
[out] 
[out] ==============================
[out] Analysis completed, server is idle.
[out] 
[out] ==============================
[out] # Analyzed Crates
[out] 
[out] 
[out] 
[out] ==============================
[out] total: 0 errors, 0 warnings, 0 infos, 0 hints
[out] 
[out] ==============================
[out] CairoLS process exited with code: 0
